2020-10-28 11:37:30 - You select: FromPCAP
2020-10-28 11:37:30 - Out folder: ToCSV
2020-10-28 12:19:08 - You select: FromPCAP
2020-10-28 12:19:08 - Out folder: ToCSV
2020-10-28 17:19:53 - You select: FromPCAP
2020-10-28 17:19:53 - Out folder: ToCSV
2020-10-28 17:46:22 - You select: FromPCAP
2020-10-28 17:46:22 - Out folder: ToCSV
2020-10-28 18:27:20 - You select: FromPCAP
2020-10-28 18:27:20 - Out folder: ToCSV
2020-10-28 18:32:02 - open any fail -> any: You don't have permission to capture on that device (socket: Operation not permitted)
2020-10-28 18:32:05 - path:/home/m210420/csunix/Capstone/CICFlowMeter-4.0/bin/data/daily/2020-10-28_Flow.csv
2020-10-28 18:35:56 - You select: FromPCAP
2020-10-28 18:35:56 - Out folder: ToCSV
2020-10-28 18:40:04 - You select: FromPCAP
2020-10-28 18:40:04 - Out folder: ToCSV
2020-10-28 18:44:34 - You select: FromPCAP
2020-10-28 18:44:34 - Out folder: ToCSV
2020-10-29 07:31:53 - You select: FromPCAP
2020-10-29 07:31:53 - Out folder: ToCSV
2020-10-29 11:51:07 - You select: FromPCAP
2020-10-29 11:51:07 - Out folder: ToCSV
2020-10-29 18:10:03 - You select: FromPCAP
2020-10-29 18:10:03 - Out folder: ToCSV
2020-10-29 18:10:05 - Error while opening file for capture: truncated dump file; tried to read 4 file header bytes, only got 0
2020-10-29 18:34:07 - You select: FromPCAP
2020-10-29 18:34:07 - Out folder: ToCSV
2020-10-29 18:34:08 - Error while opening file for capture: truncated dump file; tried to read 4 file header bytes, only got 0
2020-10-29 18:36:18 - You select: FromPCAP
2020-10-29 18:36:18 - Out folder: ToCSV
2020-10-29 18:40:58 - You select: FromPCAP
2020-10-29 18:40:58 - Out folder: ToCSV
2020-10-29 18:40:59 - Error while opening file for capture: truncated dump file; tried to read 4 file header bytes, only got 0
2020-11-14 17:40:05 - You select: FromPCAP
2020-11-14 17:40:05 - Out folder: ToCSV
2020-11-17 15:43:24 - You select: FromPCAP
2020-11-17 15:43:24 - Out folder: ToCSV
2020-11-17 16:19:35 - You select: FromPCAP
2020-11-17 16:19:35 - Out folder: ToCSV
2020-11-17 16:50:32 - You select: FromPCAP
2020-11-17 16:50:32 - Out folder: ToCSV
2020-11-18 10:29:17 - You select: FromPCAP
2020-11-18 10:29:17 - Out folder: ToCSV
2020-11-18 10:54:21 - You select: FromPCAP
2020-11-18 10:54:21 - Out folder: ToCSV
2020-11-18 20:15:06 - You select: FromPCAP
2020-11-18 20:15:06 - Out folder: ToCSV
2020-11-18 20:24:08 - You select: FromPCAP
2020-11-18 20:24:08 - Out folder: ToCSV
2020-11-20 10:43:50 - You select: FromPCAP
2020-11-20 10:43:51 - Out folder: ToCSV
2020-11-20 10:56:15 - You select: FromPCAP
2020-11-20 10:56:15 - Out folder: ToCSV
2020-11-29 08:05:05 - You select: FromPCAP
2020-11-29 08:05:05 - Out folder: ToCSV
2020-11-29 08:06:01 - You select: FromPCAP
2020-11-29 08:06:01 - Out folder: ToCSV
2020-11-29 08:06:02 - Error while opening file for capture: truncated dump file; tried to read 4 file header bytes, only got 0
2020-11-29 08:07:52 - You select: FromPCAP
2020-11-29 08:07:52 - Out folder: ToCSV
2020-11-29 08:07:52 - Error while opening file for capture: truncated dump file; tried to read 4 file header bytes, only got 0
2020-11-29 08:08:42 - You select: FromPCAP
2020-11-29 08:08:42 - Out folder: ToCSV
2020-11-29 08:08:43 - Error while opening file for capture: truncated dump file; tried to read 4 file header bytes, only got 0
2020-11-29 08:09:23 - You select: FromPCAP
2020-11-29 08:09:23 - Out folder: ToCSV
2020-11-29 08:10:05 - You select: FromPCAP
2020-11-29 08:10:05 - Out folder: ToCSV
2020-11-29 08:11:26 - You select: FromPCAP
2020-11-29 08:11:26 - Out folder: ToCSV
2020-11-29 08:12:26 - You select: FromPCAP
2020-11-29 08:12:26 - Out folder: ToCSV
2020-11-29 08:13:37 - You select: FromPCAP
2020-11-29 08:13:37 - Out folder: ToCSV
2020-11-29 08:14:34 - You select: FromPCAP
2020-11-29 08:14:34 - Out folder: ToCSV
2020-11-29 08:15:53 - You select: FromPCAP
2020-11-29 08:15:53 - Out folder: ToCSV
2020-11-29 10:35:46 - You select: FromPCAP
2020-11-29 10:35:46 - Out folder: ToCSV
2020-11-29 13:58:19 - You select: FromPCAP
2020-11-29 13:58:19 - Out folder: ToCSV
